-------------------------------------------------------------------------------
Test set: com.egs.rjsf.e2e.ReviewPageE2ETest
-------------------------------------------------------------------------------
Tests run: 8, Failures: 2, Errors: 0, Skipped: 0, Time elapsed: 33.44 s <<< FAILURE! -- in com.egs.rjsf.e2e.ReviewPageE2ETest
com.egs.rjsf.e2e.ReviewPageE2ETest.overviewSectionVisible -- Time elapsed: 4.300 s <<< FAILURE!
java.lang.AssertionError: 

Expecting actual:
  "Joshua Phipps — SO, CDMRP
Logout
Summary
Details
Tools
Research Classifications
PreAward Review
Agreement Details
Regulatory Details
Deliverables and Progress Reports
Closeout
Document Management
Award Management → Negotiation
Return to Search
Under Negotiation/Pre-Award Review
Quick Search
Award Summary
Pre-Award Compliance & Negotiations Review
Pre-Award Overview
In Progress
A. Safety Requirements Review
In Progress
B. Animal Research Review Requirements
In Progress
C. Human Research Review Requirements
In Progress
D. Acquisition/Contracting Review
In Progress
Final Recommendation to Award
In Progress
SO/GOR Notes
Change Log
Reset Checklist (Admin Only)
Form Version: v2
v2 (current)
Document and File Management
Add File
Add Note
Uploaded files and notes will appear here."
to contain:
  "PI Budget" 
	at com.egs.rjsf.e2e.ReviewPageE2ETest.overviewSectionVisible(ReviewPageE2ETest.java:33)
	at java.base/java.lang.reflect.Method.invoke(Method.java:565)
	at java.base/java.util.ArrayList.forEach(ArrayList.java:1604)
	at java.base/java.util.ArrayList.forEach(ArrayList.java:1604)

com.egs.rjsf.e2e.ReviewPageE2ETest.acquisitionSubsectionsPresent -- Time elapsed: 4.305 s <<< FAILURE!
java.lang.AssertionError: 

Expecting actual:
  "Joshua Phipps — SO, CDMRP
Logout
Summary
Details
Tools
Research Classifications
PreAward Review
Agreement Details
Regulatory Details
Deliverables and Progress Reports
Closeout
Document Management
Award Management → Negotiation
Return to Search
Under Negotiation/Pre-Award Review
Quick Search
Award Summary
Pre-Award Compliance & Negotiations Review
Pre-Award Overview
In Progress
A. Safety Requirements Review
In Progress
B. Animal Research Review Requirements
In Progress
C. Human Research Review Requirements
In Progress
D. Acquisition/Contracting Review
In Progress
1. Budget Review
In Progress
2. Peer and Programmatic Review Recommendations
Not Started
3. Statement of Work Related Concerns
Not Started
4. Current and Pending Support (CPS)
Not Started
5. Inclusion Enrollment Report (IER)
Not Started
6. Data Management Plan
Not Started
7. Special Requirements
Not Started
Final Recommendation to Award
In Progress
SO/GOR Notes
Change Log
Reset Checklist (Admin Only)
Form Version: v2
v2 (current)
Document and File Management
Add File
Add Note
Uploaded files and notes will appear here."
to contain at least one of the following elements:
  ["Personnel", "Equipment", "Travel", "Materials"]
but none were found 
	at com.egs.rjsf.e2e.ReviewPageE2ETest.acquisitionSubsectionsPresent(ReviewPageE2ETest.java:90)
	at java.base/java.lang.reflect.Method.invoke(Method.java:565)
	at java.base/java.util.ArrayList.forEach(ArrayList.java:1604)
	at java.base/java.util.ArrayList.forEach(ArrayList.java:1604)

