-------------------------------------------------------------------------------
Test set: com.egs.rjsf.e2e.FormSaveE2ETest
-------------------------------------------------------------------------------
Tests run: 6, Failures: 1, Errors: 3, Skipped: 0, Time elapsed: 32.29 s <<< FAILURE! -- in com.egs.rjsf.e2e.FormSaveE2ETest
com.egs.rjsf.e2e.FormSaveE2ETest.saveDraftButtonPresent -- Time elapsed: 1.869 s <<< FAILURE!
org.opentest4j.AssertionFailedError: 

Expecting value to be true but was false
	at com.egs.rjsf.e2e.FormSaveE2ETest.saveDraftButtonPresent(FormSaveE2ETest.java:41)
	at java.base/java.lang.reflect.Method.invoke(Method.java:565)
	at java.base/java.util.ArrayList.forEach(ArrayList.java:1604)
	at java.base/java.util.ArrayList.forEach(ArrayList.java:1604)

com.egs.rjsf.e2e.FormSaveE2ETest.saveShowsSuccessNotification -- Time elapsed: 12.32 s <<< ERROR!
org.openqa.selenium.TimeoutException: 
Expected condition failed: waiting for element to be clickable: By.xpath: //button[contains(text(), 'Save Draft')] (tried for 10 second(s) with 500 milliseconds interval)
Build info: version: '4.27.0', revision: 'd6e718d134'
System info: os.name: 'Mac OS X', os.arch: 'aarch64', os.version: '15.7.3', java.version: '24.0.1'
Driver info: org.openqa.selenium.chrome.ChromeDriver
Capabilities {acceptInsecureCerts: false, browserName: chrome, browserVersion: 146.0.7680.178, chrome: {chromedriverVersion: 146.0.7680.165 (4b989da09e1..., userDataDir: /var/folders/g4/7t5_nj5x1px...}, fedcm:accounts: true, goog:chromeOptions: {debuggerAddress: localhost:49942}, goog:processID: 14476, networkConnectionEnabled: false, pageLoadStrategy: normal, platformName: mac, proxy: Proxy(), se:cdp: ws://localhost:49942/devtoo..., se:cdpVersion: 146.0.7680.178, setWindowRect: true, strictFileInteractability: false, timeouts: {implicit: 0, pageLoad: 300000, script: 30000}, unhandledPromptBehavior: dismiss and notify, webauthn:extension:credBlob: true, webauthn:extension:largeBlob: true, webauthn:extension:minPinLength: true, webauthn:extension:prf: true, webauthn:virtualAuthenticators: true}
Session ID: d986f9fbcd893ee74d8e372a25586448
	at org.openqa.selenium.support.ui.WebDriverWait.timeoutException(WebDriverWait.java:84)
	at org.openqa.selenium.support.ui.FluentWait.until(FluentWait.java:228)
	at com.egs.rjsf.e2e.FormSaveE2ETest.saveShowsSuccessNotification(FormSaveE2ETest.java:59)
	at java.base/java.lang.reflect.Method.invoke(Method.java:565)
	at java.base/java.util.ArrayList.forEach(ArrayList.java:1604)
	at java.base/java.util.ArrayList.forEach(ArrayList.java:1604)

com.egs.rjsf.e2e.FormSaveE2ETest.savedChipAppears -- Time elapsed: 2.950 s <<< ERROR!
org.openqa.selenium.ElementClickInterceptedException: 
element click intercepted: Element <input class="PrivateSwitchBase-input css-12xagqm-MuiSwitchBase-root" type="radio" value="no" checked="" name="_r_27_"> is not clickable at point (103, 784). Other element would receive the click: <textarea rows="4" aria-invalid="false" id="root_safety_notes" name="root_safety_notes" placeholder="" class="MuiInputBase-input MuiOutlinedInput-input MuiInputBase-inputMultiline MuiInputBase-inputSizeSmall css-msbelq-MuiInputBase-input-MuiOutlinedInput-input" style="height: 104px;"></textarea>
  (Session info: chrome=146.0.7680.178)
Build info: version: '4.27.0', revision: 'd6e718d134'
System info: os.name: 'Mac OS X', os.arch: 'aarch64', os.version: '15.7.3', java.version: '24.0.1'
Driver info: org.openqa.selenium.chrome.ChromeDriver
Command: [f25cf2c3f5b4795d241aeed61b94bcd1, clickElement {id=f.3A559343B21921220923D2A72E1616D2.d.510D69ECCF96BBCC9F476076895D79EB.e.123}]
Capabilities {acceptInsecureCerts: false, browserName: chrome, browserVersion: 146.0.7680.178, chrome: {chromedriverVersion: 146.0.7680.165 (4b989da09e1..., userDataDir: /var/folders/g4/7t5_nj5x1px...}, fedcm:accounts: true, goog:chromeOptions: {debuggerAddress: localhost:50051}, goog:processID: 14602, networkConnectionEnabled: false, pageLoadStrategy: normal, platformName: mac, proxy: Proxy(), se:cdp: ws://localhost:50051/devtoo..., se:cdpVersion: 146.0.7680.178, setWindowRect: true, strictFileInteractability: false, timeouts: {implicit: 0, pageLoad: 300000, script: 30000}, unhandledPromptBehavior: dismiss and notify, webauthn:extension:credBlob: true, webauthn:extension:largeBlob: true, webauthn:extension:minPinLength: true, webauthn:extension:prf: true, webauthn:virtualAuthenticators: true}
Element: [[ChromeDriver: chrome on mac (f25cf2c3f5b4795d241aeed61b94bcd1)] -> css selector: input[type='radio'][value='no']]
Session ID: f25cf2c3f5b4795d241aeed61b94bcd1
	at java.base/jdk.internal.reflect.DirectConstructorHandleAccessor.newInstance(DirectConstructorHandleAccessor.java:62)
	at java.base/java.lang.reflect.Constructor.newInstanceWithCaller(Constructor.java:499)
	at java.base/java.lang.reflect.Constructor.newInstance(Constructor.java:483)
	at org.openqa.selenium.remote.ErrorCodec.decode(ErrorCodec.java:167)
	at org.openqa.selenium.remote.codec.w3c.W3CHttpResponseCodec.decode(W3CHttpResponseCodec.java:138)
	at org.openqa.selenium.remote.codec.w3c.W3CHttpResponseCodec.decode(W3CHttpResponseCodec.java:50)
	at org.openqa.selenium.remote.HttpCommandExecutor.execute(HttpCommandExecutor.java:190)
	at org.openqa.selenium.remote.service.DriverCommandExecutor.invokeExecute(DriverCommandExecutor.java:216)
	at org.openqa.selenium.remote.service.DriverCommandExecutor.execute(DriverCommandExecutor.java:174)
	at org.openqa.selenium.remote.RemoteWebDriver.execute(RemoteWebDriver.java:545)
	at org.openqa.selenium.remote.RemoteWebElement.execute(RemoteWebElement.java:223)
	at org.openqa.selenium.remote.RemoteWebElement.click(RemoteWebElement.java:76)
	at com.egs.rjsf.e2e.FormSaveE2ETest.savedChipAppears(FormSaveE2ETest.java:79)
	at java.base/java.lang.reflect.Method.invoke(Method.java:565)
	at java.base/java.util.ArrayList.forEach(ArrayList.java:1604)
	at java.base/java.util.ArrayList.forEach(ArrayList.java:1604)

com.egs.rjsf.e2e.FormSaveE2ETest.dataPersistsAcrossReload -- Time elapsed: 12.30 s <<< ERROR!
org.openqa.selenium.TimeoutException: 
Expected condition failed: waiting for element to be clickable: By.xpath: //button[contains(text(), 'Save Draft')] (tried for 10 second(s) with 500 milliseconds interval)
Build info: version: '4.27.0', revision: 'd6e718d134'
System info: os.name: 'Mac OS X', os.arch: 'aarch64', os.version: '15.7.3', java.version: '24.0.1'
Driver info: org.openqa.selenium.chrome.ChromeDriver
Capabilities {acceptInsecureCerts: false, browserName: chrome, browserVersion: 146.0.7680.178, chrome: {chromedriverVersion: 146.0.7680.165 (4b989da09e1..., userDataDir: /var/folders/g4/7t5_nj5x1px...}, fedcm:accounts: true, goog:chromeOptions: {debuggerAddress: localhost:50164}, goog:processID: 14690, networkConnectionEnabled: false, pageLoadStrategy: normal, platformName: mac, proxy: Proxy(), se:cdp: ws://localhost:50164/devtoo..., se:cdpVersion: 146.0.7680.178, setWindowRect: true, strictFileInteractability: false, timeouts: {implicit: 0, pageLoad: 300000, script: 30000}, unhandledPromptBehavior: dismiss and notify, webauthn:extension:credBlob: true, webauthn:extension:largeBlob: true, webauthn:extension:minPinLength: true, webauthn:extension:prf: true, webauthn:virtualAuthenticators: true}
Session ID: b1bc16278f4f67d850b70b32ed467a4f
	at org.openqa.selenium.support.ui.WebDriverWait.timeoutException(WebDriverWait.java:84)
	at org.openqa.selenium.support.ui.FluentWait.until(FluentWait.java:228)
	at com.egs.rjsf.e2e.FormSaveE2ETest.dataPersistsAcrossReload(FormSaveE2ETest.java:130)
	at java.base/java.lang.reflect.Method.invoke(Method.java:565)
	at java.base/java.util.ArrayList.forEach(ArrayList.java:1604)
	at java.base/java.util.ArrayList.forEach(ArrayList.java:1604)

