<?xml version="1.0" encoding="UTF-8"?>
<testsuite xmlns:xsi="http://www.w3.org/2001/XMLSchema-instance" xsi:noNamespaceSchemaLocation="https://maven.apache.org/surefire/maven-failsafe-plugin/xsd/failsafe-test-report.xsd" version="3.0.2" name="com.egs.rjsf.e2e.FormSaveE2ETest" time="32.294" tests="6" errors="3" skipped="0" failures="1">
  <properties>
[...]
</properties>
  <testcase name="saveDraftButtonPresent" classname="com.egs.rjsf.e2e.FormSaveE2ETest" time="1.869">
    <failure message="&#10;Expecting value to be true but was false" type="org.opentest4j.AssertionFailedError"><![CDATA[org.opentest4j.AssertionFailedError: 

Expecting value to be true but was false
	at com.egs.rjsf.e2e.FormSaveE2ETest.saveDraftButtonPresent(FormSaveE2ETest.java:41)
	at java.base/java.lang.reflect.Method.invoke(Method.java:565)
	at java.base/java.util.ArrayList.forEach(ArrayList.java:1604)
	at java.base/java.util.ArrayList.forEach(ArrayList.java:1604)
]]></failure>
    <system-out><![CDATA[07:53:54.669 [main] INFO io.github.bonigarcia.wdm.WebDriverManager -- Using chromedriver 146.0.7680.165 (resolved driver for Chrome 146)
07:53:54.670 [main] INFO io.github.bonigarcia.wdm.WebDriverManager -- Exporting webdriver.chrome.driver as /Users/jphipps42/.cache/selenium/chromedriver/mac-arm64/146.0.7680.165/chromedriver
]]></system-out>
    <system-err><![CDATA[Apr 11, 2026 7:53:55 AM org.openqa.selenium.devtools.CdpVersionFinder findNearestMatch
WARNING: Unable to find CDP implementation matching 146
Apr 11, 2026 7:53:55 AM org.openqa.selenium.chromium.ChromiumDriver lambda$new$5
WARNING: Unable to find version of CDP to use for 146.0.7680.178. You may need to include a dependency on a specific version of the CDP using something similar to `org.seleniumhq.selenium:selenium-devtools-v86:4.27.0` where the version ("v86") matches the version of the chromium-based browser you're using and the version number of the artifact is the same as Selenium's.
]]></system-err>
  </testcase>
  <testcase name="saveShowsSuccessNotification" classname="com.egs.rjsf.e2e.FormSaveE2ETest" time="12.322">
    <error message="Expected condition failed: waiting for element to be clickable: By.xpath: //button[contains(text(), &apos;Save Draft&apos;)] (tried for 10 second(s) with 500 milliseconds interval)&#10;Build info: version: &apos;4.27.0&apos;, revision: &apos;d6e718d134&apos;&#10;System info: os.name: &apos;Mac OS X&apos;, os.arch: &apos;aarch64&apos;, os.version: &apos;15.7.3&apos;, java.version: &apos;24.0.1&apos;&#10;Driver info: org.openqa.selenium.chrome.ChromeDriver&#10;Capabilities {acceptInsecureCerts: false, browserName: chrome, browserVersion: 146.0.7680.178, chrome: {chromedriverVersion: 146.0.7680.165 (4b989da09e1..., userDataDir: /var/folders/g4/7t5_nj5x1px...}, fedcm:accounts: true, goog:chromeOptions: {debuggerAddress: localhost:49942}, goog:processID: 14476, networkConnectionEnabled: false, pageLoadStrategy: normal, platformName: mac, proxy: Proxy(), se:cdp: ws://localhost:49942/devtoo..., se:cdpVersion: 146.0.7680.178, setWindowRect: true, strictFileInteractability: false, timeouts: {implicit: 0, pageLoad: 300000, script: 30000}, unhandledPromptBehavior: dismiss and notify, webauthn:extension:credBlob: true, webauthn:extension:largeBlob: true, webauthn:extension:minPinLength: true, webauthn:extension:prf: true, webauthn:virtualAuthenticators: true}&#10;Session ID: d986f9fbcd893ee74d8e372a25586448" type="org.openqa.selenium.TimeoutException"><![CDATA[org.openqa.selenium.TimeoutException: 
Expected condition failed: waiting for element to be clickable: By.xpath: //button[contains(text(), 'Save Draft')] (tried for 10 second(s) with 500 milliseconds interval)
Build info: version: '4.27.0', revision: 'd6e718d134'
System info: os.name: 'Mac OS X', os.arch: 'aarch64', os.version: '15.7.3', java.version: '24.0.1'
Driver info: org.openqa.selenium.chrome.ChromeDriver
Capabilities {acceptInsecureCerts: false, browserName: chrome, browserVersion: 146.0.7680.178, chrome: {chromedriverVersion: 146.0.7680.165 (4b989da09e1..., userDataDir: /var/folders/g4/7t5_nj5x1px...}, fedcm:accounts: true, goog:chromeOptions: {debuggerAddress: localhost:49942}, goog:processID: 14476, networkConnectionEnabled: false, pageLoadStrategy: normal, platformName: mac, proxy: Proxy(), se:cdp: ws://localhost:49942/devtoo..., se:cdpVersion: 146.0.7680.178, setWindowRect: true, strictFileInteractability: false, timeouts: {implicit: 0, pageLoad: 300000, script: 30000}, unhandledPromptBehavior: dismiss and notify, webauthn:extension:credBlob: true, webauthn:extension:largeBlob: true, webauthn:extension:minPinLength: true, webauthn:extension:prf: true, webauthn:virtualAuthenticators: true}
Session ID: d986f9fbcd893ee74d8e372a25586448
	at org.openqa.selenium.support.ui.WebDriverWait.timeoutException(WebDriverWait.java:84)
	at org.openqa.selenium.support.ui.FluentWait.until(FluentWait.java:228)
	at com.egs.rjsf.e2e.FormSaveE2ETest.saveShowsSuccessNotification(FormSaveE2ETest.java:59)
	at java.base/java.lang.reflect.Method.invoke(Method.java:565)
	at java.base/java.util.ArrayList.forEach(ArrayList.java:1604)
	at java.base/java.util.ArrayList.forEach(ArrayList.java:1604)
]]></error>
    <system-err><![CDATA[Apr 11, 2026 7:53:56 AM org.openqa.selenium.devtools.CdpVersionFinder findNearestMatch
WARNING: Unable to find CDP implementation matching 146
Apr 11, 2026 7:53:56 AM org.openqa.selenium.chromium.ChromiumDriver lambda$new$5
WARNING: Unable to find version of CDP to use for 146.0.7680.178. You may need to include a dependency on a specific version of the CDP using something similar to `org.seleniumhq.selenium:selenium-devtools-v86:4.27.0` where the version ("v86") matches the version of the chromium-based browser you're using and the version number of the artifact is the same as Selenium's.
]]></system-err>
  </testcase>
  <testcase name="savedChipAppears" classname="com.egs.rjsf.e2e.FormSaveE2ETest" time="2.95">
    <error message="element click intercepted: Element &lt;input class=&quot;PrivateSwitchBase-input css-12xagqm-MuiSwitchBase-root&quot; type=&quot;radio&quot; value=&quot;no&quot; checked=&quot;&quot; name=&quot;_r_27_&quot;&gt; is not clickable at point (103, 784). Other element would receive the click: &lt;textarea rows=&quot;4&quot; aria-invalid=&quot;false&quot; id=&quot;root_safety_notes&quot; name=&quot;root_safety_notes&quot; placeholder=&quot;&quot; class=&quot;MuiInputBase-input MuiOutlinedInput-input MuiInputBase-inputMultiline MuiInputBase-inputSizeSmall css-msbelq-MuiInputBase-input-MuiOutlinedInput-input&quot; style=&quot;height: 104px;&quot;&gt;&lt;/textarea&gt;&#10;  (Session info: chrome=146.0.7680.178)&#10;Build info: version: &apos;4.27.0&apos;, revision: &apos;d6e718d134&apos;&#10;System info: os.name: &apos;Mac OS X&apos;, os.arch: &apos;aarch64&apos;, os.version: &apos;15.7.3&apos;, java.version: &apos;24.0.1&apos;&#10;Driver info: org.openqa.selenium.chrome.ChromeDriver&#10;Command: [f25cf2c3f5b4795d241aeed61b94bcd1, clickElement {id=f.3A559343B21921220923D2A72E1616D2.d.510D69ECCF96BBCC9F476076895D79EB.e.123}]&#10;Capabilities {acceptInsecureCerts: false, browserName: chrome, browserVersion: 146.0.7680.178, chrome: {chromedriverVersion: 146.0.7680.165 (4b989da09e1..., userDataDir: /var/folders/g4/7t5_nj5x1px...}, fedcm:accounts: true, goog:chromeOptions: {debuggerAddress: localhost:50051}, goog:processID: 14602, networkConnectionEnabled: false, pageLoadStrategy: normal, platformName: mac, proxy: Proxy(), se:cdp: ws://localhost:50051/devtoo..., se:cdpVersion: 146.0.7680.178, setWindowRect: true, strictFileInteractability: false, timeouts: {implicit: 0, pageLoad: 300000, script: 30000}, unhandledPromptBehavior: dismiss and notify, webauthn:extension:credBlob: true, webauthn:extension:largeBlob: true, webauthn:extension:minPinLength: true, webauthn:extension:prf: true, webauthn:virtualAuthenticators: true}&#10;Element: [[ChromeDriver: chrome on mac (f25cf2c3f5b4795d241aeed61b94bcd1)] -&gt; css selector: input[type=&apos;radio&apos;][value=&apos;no&apos;]]&#10;Session ID: f25cf2c3f5b4795d241aeed61b94bcd1" type="org.openqa.selenium.ElementClickInterceptedException"><![CDATA[org.openqa.selenium.ElementClickInterceptedException: 
element click intercepted: Element <input class="PrivateSwitchBase-input css-12xagqm-MuiSwitchBase-root" type="radio" value="no" checked="" name="_r_27_"> is not clickable at point (103, 784). Other element would receive the click: <textarea rows="4" aria-invalid="false" id="root_safety_notes" name="root_safety_notes" placeholder="" class="MuiInputBase-input MuiOutlinedInput-input MuiInputBase-inputMultiline MuiInputBase-inputSizeSmall css-msbelq-MuiInputBase-input-MuiOutlinedInput-input" style="height: 104px;"></textarea>
  (Session info: chrome=146.0.7680.178)
Build info: version: '4.27.0', revision: 'd6e718d134'
System info: os.name: 'Mac OS X', os.arch: 'aarch64', os.version: '15.7.3', java.version: '24.0.1'
Driver info: org.openqa.selenium.chrome.ChromeDriver
Command: [f25cf2c3f5b4795d241aeed61b94bcd1, clickElement {id=f.3A559343B21921220923D2A72E1616D2.d.510D69ECCF96BBCC9F476076895D79EB.e.123}]
Capabilities {acceptInsecureCerts: false, browserName: chrome, browserVersion: 146.0.7680.178, chrome: {chromedriverVersion: 146.0.7680.165 (4b989da09e1..., userDataDir: /var/folders/g4/7t5_nj5x1px...}, fedcm:accounts: true, goog:chromeOptions: {debuggerAddress: localhost:50051}, goog:processID: 14602, networkConnectionEnabled: false, pageLoadStrategy: normal, platformName: mac, proxy: Proxy(), se:cdp: ws://localhost:50051/devtoo..., se:cdpVersion: 146.0.7680.178, setWindowRect: true, strictFileInteractability: false, timeouts: {implicit: 0, pageLoad: 300000, script: 30000}, unhandledPromptBehavior: dismiss and notify, webauthn:extension:credBlob: true, webauthn:extension:largeBlob: true, webauthn:extension:minPinLength: true, webauthn:extension:prf: true, webauthn:virtualAuthenticators: true}
Element: [[ChromeDriver: chrome on mac (f25cf2c3f5b4795d241aeed61b94bcd1)] -> css selector: input[type='radio'][value='no']]
Session ID: f25cf2c3f5b4795d241aeed61b94bcd1
	at java.base/jdk.internal.reflect.DirectConstructorHandleAccessor.newInstance(DirectConstructorHandleAccessor.java:62)
	at java.base/java.lang.reflect.Constructor.newInstanceWithCaller(Constructor.java:499)
	at java.base/java.lang.reflect.Constructor.newInstance(Constructor.java:483)
	at org.openqa.selenium.remote.ErrorCodec.decode(ErrorCodec.java:167)
	at org.openqa.selenium.remote.codec.w3c.W3CHttpResponseCodec.decode(W3CHttpResponseCodec.java:138)
	at org.openqa.selenium.remote.codec.w3c.W3CHttpResponseCodec.decode(W3CHttpResponseCodec.java:50)
	at org.openqa.selenium.remote.HttpCommandExecutor.execute(HttpCommandExecutor.java:190)
	at org.openqa.selenium.remote.service.DriverCommandExecutor.invokeExecute(DriverCommandExecutor.java:216)
	at org.openqa.selenium.remote.service.DriverCommandExecutor.execute(DriverCommandExecutor.java:174)
	at org.openqa.selenium.remote.RemoteWebDriver.execute(RemoteWebDriver.java:545)
	at org.openqa.selenium.remote.RemoteWebElement.execute(RemoteWebElement.java:223)
	at org.openqa.selenium.remote.RemoteWebElement.click(RemoteWebElement.java:76)
	at com.egs.rjsf.e2e.FormSaveE2ETest.savedChipAppears(FormSaveE2ETest.java:79)
	at java.base/java.lang.reflect.Method.invoke(Method.java:565)
	at java.base/java.util.ArrayList.forEach(ArrayList.java:1604)
	at java.base/java.util.ArrayList.forEach(ArrayList.java:1604)
]]></error>
    <system-err><![CDATA[Apr 11, 2026 7:54:09 AM org.openqa.selenium.devtools.CdpVersionFinder findNearestMatch
WARNING: Unable to find CDP implementation matching 146
Apr 11, 2026 7:54:09 AM org.openqa.selenium.chromium.ChromiumDriver lambda$new$5
WARNING: Unable to find version of CDP to use for 146.0.7680.178. You may need to include a dependency on a specific version of the CDP using something similar to `org.seleniumhq.selenium:selenium-devtools-v86:4.27.0` where the version ("v86") matches the version of the chromium-based browser you're using and the version number of the artifact is the same as Selenium's.
]]></system-err>
  </testcase>
  <testcase name="submitShowsConfirmation" classname="com.egs.rjsf.e2e.FormSaveE2ETest" time="2.21">
    <system-err><![CDATA[Apr 11, 2026 7:54:12 AM org.openqa.selenium.devtools.CdpVersionFinder findNearestMatch
WARNING: Unable to find CDP implementation matching 146
Apr 11, 2026 7:54:12 AM org.openqa.selenium.chromium.ChromiumDriver lambda$new$5
WARNING: Unable to find version of CDP to use for 146.0.7680.178. You may need to include a dependency on a specific version of the CDP using something similar to `org.seleniumhq.selenium:selenium-devtools-v86:4.27.0` where the version ("v86") matches the version of the chromium-based browser you're using and the version number of the artifact is the same as Selenium's.
]]></system-err>
  </testcase>
  <testcase name="dataPersistsAcrossReload" classname="com.egs.rjsf.e2e.FormSaveE2ETest" time="12.297">
    <error message="Expected condition failed: waiting for element to be clickable: By.xpath: //button[contains(text(), &apos;Save Draft&apos;)] (tried for 10 second(s) with 500 milliseconds interval)&#10;Build info: version: &apos;4.27.0&apos;, revision: &apos;d6e718d134&apos;&#10;System info: os.name: &apos;Mac OS X&apos;, os.arch: &apos;aarch64&apos;, os.version: &apos;15.7.3&apos;, java.version: &apos;24.0.1&apos;&#10;Driver info: org.openqa.selenium.chrome.ChromeDriver&#10;Capabilities {acceptInsecureCerts: false, browserName: chrome, browserVersion: 146.0.7680.178, chrome: {chromedriverVersion: 146.0.7680.165 (4b989da09e1..., userDataDir: /var/folders/g4/7t5_nj5x1px...}, fedcm:accounts: true, goog:chromeOptions: {debuggerAddress: localhost:50164}, goog:processID: 14690, networkConnectionEnabled: false, pageLoadStrategy: normal, platformName: mac, proxy: Proxy(), se:cdp: ws://localhost:50164/devtoo..., se:cdpVersion: 146.0.7680.178, setWindowRect: true, strictFileInteractability: false, timeouts: {implicit: 0, pageLoad: 300000, script: 30000}, unhandledPromptBehavior: dismiss and notify, webauthn:extension:credBlob: true, webauthn:extension:largeBlob: true, webauthn:extension:minPinLength: true, webauthn:extension:prf: true, webauthn:virtualAuthenticators: true}&#10;Session ID: b1bc16278f4f67d850b70b32ed467a4f" type="org.openqa.selenium.TimeoutException"><![CDATA[org.openqa.selenium.TimeoutException: 
Expected condition failed: waiting for element to be clickable: By.xpath: //button[contains(text(), 'Save Draft')] (tried for 10 second(s) with 500 milliseconds interval)
Build info: version: '4.27.0', revision: 'd6e718d134'
System info: os.name: 'Mac OS X', os.arch: 'aarch64', os.version: '15.7.3', java.version: '24.0.1'
Driver info: org.openqa.selenium.chrome.ChromeDriver
Capabilities {acceptInsecureCerts: false, browserName: chrome, browserVersion: 146.0.7680.178, chrome: {chromedriverVersion: 146.0.7680.165 (4b989da09e1..., userDataDir: /var/folders/g4/7t5_nj5x1px...}, fedcm:accounts: true, goog:chromeOptions: {debuggerAddress: localhost:50164}, goog:processID: 14690, networkConnectionEnabled: false, pageLoadStrategy: normal, platformName: mac, proxy: Proxy(), se:cdp: ws://localhost:50164/devtoo..., se:cdpVersion: 146.0.7680.178, setWindowRect: true, strictFileInteractability: false, timeouts: {implicit: 0, pageLoad: 300000, script: 30000}, unhandledPromptBehavior: dismiss and notify, webauthn:extension:credBlob: true, webauthn:extension:largeBlob: true, webauthn:extension:minPinLength: true, webauthn:extension:prf: true, webauthn:virtualAuthenticators: true}
Session ID: b1bc16278f4f67d850b70b32ed467a4f
	at org.openqa.selenium.support.ui.WebDriverWait.timeoutException(WebDriverWait.java:84)
	at org.openqa.selenium.support.ui.FluentWait.until(FluentWait.java:228)
	at com.egs.rjsf.e2e.FormSaveE2ETest.dataPersistsAcrossReload(FormSaveE2ETest.java:130)
	at java.base/java.lang.reflect.Method.invoke(Method.java:565)
	at java.base/java.util.ArrayList.forEach(ArrayList.java:1604)
	at java.base/java.util.ArrayList.forEach(ArrayList.java:1604)
]]></error>
    <system-err><![CDATA[Apr 11, 2026 7:54:14 AM org.openqa.selenium.devtools.CdpVersionFinder findNearestMatch
WARNING: Unable to find CDP implementation matching 146
Apr 11, 2026 7:54:14 AM org.openqa.selenium.chromium.ChromiumDriver lambda$new$5
WARNING: Unable to find version of CDP to use for 146.0.7680.178. You may need to include a dependency on a specific version of the CDP using something similar to `org.seleniumhq.selenium:selenium-devtools-v86:4.27.0` where the version ("v86") matches the version of the chromium-based browser you're using and the version number of the artifact is the same as Selenium's.
]]></system-err>
  </testcase>
  <testcase name="unauthenticatedRedirectsToLogin" classname="com.egs.rjsf.e2e.FormSaveE2ETest" time="0.638">
    <system-err><![CDATA[Apr 11, 2026 7:54:26 AM org.openqa.selenium.devtools.CdpVersionFinder findNearestMatch
WARNING: Unable to find CDP implementation matching 146
Apr 11, 2026 7:54:26 AM org.openqa.selenium.chromium.ChromiumDriver lambda$new$5
WARNING: Unable to find version of CDP to use for 146.0.7680.178. You may need to include a dependency on a specific version of the CDP using something similar to `org.seleniumhq.selenium:selenium-devtools-v86:4.27.0` where the version ("v86") matches the version of the chromium-based browser you're using and the version number of the artifact is the same as Selenium's.
]]></system-err>
  </testcase>
</testsuite>