<?xml version="1.0" encoding="UTF-8"?>
<testsuite xmlns:xsi="http://www.w3.org/2001/XMLSchema-instance" xsi:noNamespaceSchemaLocation="https://maven.apache.org/surefire/maven-failsafe-plugin/xsd/failsafe-test-report.xsd" version="3.0.2" name="com.egs.rjsf.integration.SyncModeToggleIntegrationTest" time="3.077" tests="14" errors="0" skipped="0" failures="0">
  <properties>
[...]
</properties>
  <testcase name="setup" classname="com.egs.rjsf.integration.SyncModeToggleIntegrationTest" time="0.414">
    <system-out><![CDATA[
  .   ____          _            __ _ _
 /\\ / ___'_ __ _ _(_)_ __  __ _ \ \ \ \
( ( )\___ | '_ | '_| | '_ \/ _` | \ \ \ \
 \\/  ___)| |_)| | | | | || (_| |  ) ) ) )
  '  |____| .__|_| |_|_| |_\__, | / / / /
 =========|_|==============|___/=/_/_/_/

 :: Spring Boot ::                (v3.4.4)

2026-04-16T12:19:13.087-04:00  INFO 5066 --- [rjsf-form-service] [           main] c.e.r.i.SyncModeToggleIntegrationTest    : Starting SyncModeToggleIntegrationTest using Java 24.0.1 with PID 5066 (started by jphipps42 in /Users/jphipps42/Desktop/devProjects/RJSF_POC/RJSF-POC/Testing)
2026-04-16T12:19:13.088-04:00 DEBUG 5066 --- [rjsf-form-service] [           main] c.e.r.i.SyncModeToggleIntegrationTest    : Running with Spring Boot v3.4.4, Spring v6.2.5
2026-04-16T12:19:13.088-04:00  INFO 5066 --- [rjsf-form-service] [           main] c.e.r.i.SyncModeToggleIntegrationTest    : No active profile set, falling back to 1 default profile: "default"
2026-04-16T12:19:13.162-04:00  WARN 5066 --- [rjsf-form-service] [           main] o.s.c.a.AnnotationBeanNameGenerator      : Support for convention-based @Component names is deprecated and will be removed in a future version of the framework. Please annotate the 'value' attribute in @com.egs.rjsf.transformer.transform.TransformFunction with @AliasFor(annotation=Component.class) to declare an explicit alias for @Component's 'value' attribute.
2026-04-16T12:19:13.441-04:00  INFO 5066 --- [rjsf-form-service] [           main] .s.d.r.c.RepositoryConfigurationDelegate : Bootstrapping Spring Data JPA repositories in DEFAULT mode.
2026-04-16T12:19:13.468-04:00  INFO 5066 --- [rjsf-form-service] [           main] .s.d.r.c.RepositoryConfigurationDelegate : Finished Spring Data repository scanning in 24 ms. Found 16 JPA repository interfaces.
2026-04-16T12:19:13.720-04:00  INFO 5066 --- [rjsf-form-service] [           main] o.hibernate.jpa.internal.util.LogHelper  : HHH000204: Processing PersistenceUnitInfo [name: default]
2026-04-16T12:19:13.734-04:00  INFO 5066 --- [rjsf-form-service] [           main] org.hibernate.Version                    : HHH000412: Hibernate ORM core version 6.6.11.Final
2026-04-16T12:19:13.743-04:00  INFO 5066 --- [rjsf-form-service] [           main] o.h.c.internal.RegionFactoryInitiator    : HHH000026: Second-level cache disabled
2026-04-16T12:19:13.779-04:00  INFO 5066 --- [rjsf-form-service] [           main] com.zaxxer.hikari.HikariDataSource       : HikariPool-1 - Starting...
2026-04-16T12:19:13.852-04:00  INFO 5066 --- [rjsf-form-service] [           main] com.zaxxer.hikari.pool.HikariPool        : HikariPool-1 - Added connection org.postgresql.jdbc.PgConnection@106802ea
2026-04-16T12:19:13.853-04:00  INFO 5066 --- [rjsf-form-service] [           main] com.zaxxer.hikari.HikariDataSource       : HikariPool-1 - Start completed.
2026-04-16T12:19:13.868-04:00  WARN 5066 --- [rjsf-form-service] [           main] org.hibernate.orm.deprecation            : HHH90000025: PostgreSQLDialect does not need to be specified explicitly using 'hibernate.dialect' (remove the property setting and it will be selected by default)
2026-04-16T12:19:13.875-04:00  INFO 5066 --- [rjsf-form-service] [           main] org.hibernate.orm.connections.pooling    : HHH10001005: Database info:
	Database JDBC URL [Connecting through datasource 'HikariDataSource (HikariPool-1)']
	Database driver: undefined/unknown
	Database version: 16.13
	Autocommit mode: undefined/unknown
	Isolation level: undefined/unknown
	Minimum pool size: undefined/unknown
	Maximum pool size: undefined/unknown
2026-04-16T12:19:13.941-04:00  INFO 5066 --- [rjsf-form-service] [           main] o.s.o.j.p.SpringPersistenceUnitInfo      : No LoadTimeWeaver setup: ignoring JPA class transformer
2026-04-16T12:19:14.390-04:00  INFO 5066 --- [rjsf-form-service] [           main] o.h.e.t.j.p.i.JtaPlatformInitiator       : HHH000489: No JTA platform available (set 'hibernate.transaction.jta.platform' to enable JTA platform integration)
2026-04-16T12:19:14.422-04:00  INFO 5066 --- [rjsf-form-service] [           main] j.LocalContainerEntityManagerFactoryBean : Initialized JPA EntityManagerFactory for persistence unit 'default'
2026-04-16T12:19:14.660-04:00  INFO 5066 --- [rjsf-form-service] [           main] c.e.r.t.registry.TemplateRegistry        : Initializing template registry (maxCacheSize: 500)
2026-04-16T12:19:14.661-04:00  INFO 5066 --- [rjsf-form-service] [           main] c.e.r.t.registry.TemplateRegistry        : Found 6 transformer template(s) to load
2026-04-16T12:19:14.688-04:00 DEBUG 5066 --- [rjsf-form-service] [           main] c.e.r.t.registry.TemplateValidator       : Validation passed for template: pre-award-acquisition
2026-04-16T12:19:14.688-04:00  INFO 5066 --- [rjsf-form-service] [           main] c.e.r.t.registry.TemplateRegistry        : Loaded and cached template: pre-award-acquisition (version 1)
2026-04-16T12:19:14.704-04:00 DEBUG 5066 --- [rjsf-form-service] [           main] c.e.r.t.registry.TemplateValidator       : Validation passed for template: pre-award-animal
2026-04-16T12:19:14.704-04:00  INFO 5066 --- [rjsf-form-service] [           main] c.e.r.t.registry.TemplateRegistry        : Loaded and cached template: pre-award-animal (version 1)
2026-04-16T12:19:14.706-04:00 DEBUG 5066 --- [rjsf-form-service] [           main] c.e.r.t.registry.TemplateValidator       : Validation passed for template: pre-award-final
2026-04-16T12:19:14.706-04:00  INFO 5066 --- [rjsf-form-service] [           main] c.e.r.t.registry.TemplateRegistry        : Loaded and cached template: pre-award-final (version 1)
2026-04-16T12:19:14.708-04:00 DEBUG 5066 --- [rjsf-form-service] [           main] c.e.r.t.registry.TemplateValidator       : Validation passed for template: pre-award-human
2026-04-16T12:19:14.709-04:00  INFO 5066 --- [rjsf-form-service] [           main] c.e.r.t.registry.TemplateRegistry        : Loaded and cached template: pre-award-human (version 1)
2026-04-16T12:19:14.711-04:00 DEBUG 5066 --- [rjsf-form-service] [           main] c.e.r.t.registry.TemplateValidator       : Validation passed for template: pre-award-overview
2026-04-16T12:19:14.711-04:00  INFO 5066 --- [rjsf-form-service] [           main] c.e.r.t.registry.TemplateRegistry        : Loaded and cached template: pre-award-overview (version 1)
2026-04-16T12:19:14.712-04:00 DEBUG 5066 --- [rjsf-form-service] [           main] c.e.r.t.registry.TemplateValidator       : Validation passed for template: pre-award-safety
2026-04-16T12:19:14.713-04:00  INFO 5066 --- [rjsf-form-service] [           main] c.e.r.t.registry.TemplateRegistry        : Loaded and cached template: pre-award-safety (version 1)
2026-04-16T12:19:14.714-04:00  INFO 5066 --- [rjsf-form-service] [           main] c.e.r.t.registry.TemplateRegistry        : Template registry initialized with 6 template(s)
2026-04-16T12:19:14.719-04:00  INFO 5066 --- [rjsf-form-service] [           main] c.e.r.t.transform.TransformRegistry      : Registered fromDb transform: fromInstant
2026-04-16T12:19:14.719-04:00  INFO 5066 --- [rjsf-form-service] [           main] c.e.r.t.transform.TransformRegistry      : Registered fromDb transform: jsonParse
2026-04-16T12:19:14.719-04:00  INFO 5066 --- [rjsf-form-service] [           main] c.e.r.t.transform.TransformRegistry      : Registered toDb transform: jsonStringify
2026-04-16T12:19:14.719-04:00  INFO 5066 --- [rjsf-form-service] [           main] c.e.r.t.transform.TransformRegistry      : Registered fromDb transform: maskLast4
2026-04-16T12:19:14.719-04:00  INFO 5066 --- [rjsf-form-service] [           main] c.e.r.t.transform.TransformRegistry      : Registered toDb transform: toBigDecimal
2026-04-16T12:19:14.719-04:00  INFO 5066 --- [rjsf-form-service] [           main] c.e.r.t.transform.TransformRegistry      : Registered toDb transform: toBoolean
2026-04-16T12:19:14.719-04:00  INFO 5066 --- [rjsf-form-service] [           main] c.e.r.t.transform.TransformRegistry      : Registered toDb transform: toInstant
2026-04-16T12:19:14.719-04:00  INFO 5066 --- [rjsf-form-service] [           main] c.e.r.t.transform.TransformRegistry      : Registered toDb transform: toInteger
2026-04-16T12:19:14.719-04:00  INFO 5066 --- [rjsf-form-service] [           main] c.e.r.t.transform.TransformRegistry      : Registered fromDb transform: toIsoDateString
2026-04-16T12:19:14.719-04:00  INFO 5066 --- [rjsf-form-service] [           main] c.e.r.t.transform.TransformRegistry      : Registered toDb transform: toLocalDate
2026-04-16T12:19:14.719-04:00  INFO 5066 --- [rjsf-form-service] [           main] c.e.r.t.transform.TransformRegistry      : Registered toDb transform: toLowerCase
2026-04-16T12:19:14.719-04:00  INFO 5066 --- [rjsf-form-service] [           main] c.e.r.t.transform.TransformRegistry      : Registered toDb transform: toUUID
2026-04-16T12:19:14.719-04:00  INFO 5066 --- [rjsf-form-service] [           main] c.e.r.t.transform.TransformRegistry      : Registered toDb transform: trimString
2026-04-16T12:19:14.720-04:00  INFO 5066 --- [rjsf-form-service] [           main] c.e.r.t.transform.TransformRegistry      : Transform registry initialized — toDb: [jsonStringify, toBigDecimal, toBoolean, toInstant, toInteger, toLocalDate, toLowerCase, toUUID, trimString], fromDb: [fromInstant, jsonParse, maskLast4, toIsoDateString]
2026-04-16T12:19:14.845-04:00  WARN 5066 --- [rjsf-form-service] [           main] .s.s.UserDetailsServiceAutoConfiguration : 

Using generated security password: ca58822d-7537-4056-a989-92c057ad19d2

This generated password is for development use only. Your security configuration must be updated before running your application in production.

2026-04-16T12:19:14.847-04:00  INFO 5066 --- [rjsf-form-service] [           main] r$InitializeUserDetailsManagerConfigurer : Global AuthenticationManager configured with UserDetailsService bean with name inMemoryUserDetailsManager
2026-04-16T12:19:15.012-04:00  INFO 5066 --- [rjsf-form-service] [           main] o.s.b.a.e.web.EndpointLinksResolver      : Exposing 3 endpoints beneath base path '/actuator'
2026-04-16T12:19:15.249-04:00  INFO 5066 --- [rjsf-form-service] [           main] o.s.b.t.m.w.SpringBootMockServletContext : Initializing Spring TestDispatcherServlet ''
2026-04-16T12:19:15.249-04:00  INFO 5066 --- [rjsf-form-service] [           main] o.s.t.web.servlet.TestDispatcherServlet  : Initializing Servlet ''
2026-04-16T12:19:15.249-04:00  INFO 5066 --- [rjsf-form-service] [           main] o.s.t.web.servlet.TestDispatcherServlet  : Completed initialization in 0 ms
2026-04-16T12:19:15.274-04:00  INFO 5066 --- [rjsf-form-service] [           main] c.e.r.t.r.FileSystemTemplateLoader       : Template directory is classpath-based (classpath:templates); hot-reload is not supported for classpath resources
2026-04-16T12:19:15.281-04:00  INFO 5066 --- [rjsf-form-service] [           main] c.e.r.i.SyncModeToggleIntegrationTest    : Started SyncModeToggleIntegrationTest in 2.297 seconds (process running for 2.592)
]]></system-out>
    <system-err><![CDATA[Mockito is currently self-attaching to enable the inline-mock-maker. This will no longer work in future releases of the JDK. Please add Mockito as an agent to your build what is described in Mockito's documentation: https://javadoc.io/doc/org.mockito/mockito-core/latest/org/mockito/Mockito.html#0.3
WARNING: A Java agent has been loaded dynamically (/Users/jphipps42/.m2/repository/net/bytebuddy/byte-buddy-agent/1.15.11/byte-buddy-agent-1.15.11.jar)
WARNING: If a serviceability tool is in use, please run with -XX:+EnableDynamicAgentLoading to hide this warning
WARNING: If a serviceability tool is not in use, please run with -Djdk.instrument.traceUsage for more information
WARNING: Dynamic loading of agents will be disallowed by default in a future release
]]></system-err>
  </testcase>
  <testcase name="getSyncModeReturnsCurrentMode" classname="com.egs.rjsf.integration.SyncModeToggleIntegrationTest" time="0.015"/>
  <testcase name="putSyncModeSwitchesToPojo" classname="com.egs.rjsf.integration.SyncModeToggleIntegrationTest" time="0.005">
    <system-out><![CDATA[2026-04-16T12:19:15.745-04:00  INFO 5066 --- [rjsf-form-service] [           main] c.e.r.s.s.RelationalSyncStrategyManager  : Relational sync mode changed: MAPPER → POJO
]]></system-out>
  </testcase>
  <testcase name="putSyncModeSwitchesBackToMapper" classname="com.egs.rjsf.integration.SyncModeToggleIntegrationTest" time="0.004">
    <system-out><![CDATA[2026-04-16T12:19:15.750-04:00  INFO 5066 --- [rjsf-form-service] [           main] c.e.r.s.s.RelationalSyncStrategyManager  : Relational sync mode changed: POJO → MAPPER
]]></system-out>
  </testcase>
  <testcase name="putSyncModeRejectsUnknown" classname="com.egs.rjsf.integration.SyncModeToggleIntegrationTest" time="0.004"/>
  <testcase name="mapperOverviewSync" classname="com.egs.rjsf.integration.SyncModeToggleIntegrationTest" time="0.048">
    <system-out><![CDATA[2026-04-16T12:19:15.782-04:00 DEBUG 5066 --- [rjsf-form-service] [           main] c.egs.rjsf.transformer.db.SqlExecutor    : Executing upsert on 'form_pre_award_overview': INSERT INTO form_pre_award_overview (award_id, pi_budget, final_recommended_budget, funding_source, negotiation_status, program_manager, co_principal_investigator, contract_grants_specialist, branch_chief, prime_award_type, pi_notification_date, personnel, overview_notes, schema_version) VALUES (:award_id, :pi_budget, :final_recommended_budget, :funding_source, :negotiation_status, :program_manager, :co_principal_investigator, :contract_grants_specialist, :branch_chief, :prime_award_type, :pi_notification_date, :personnel, :overview_notes, :schema_version) ON CONFLICT (award_id) DO UPDATE SET pi_budget = EXCLUDED.pi_budget, final_recommended_budget = EXCLUDED.final_recommended_budget, funding_source = EXCLUDED.funding_source, negotiation_status = EXCLUDED.negotiation_status, program_manager = EXCLUDED.program_manager, co_principal_investigator = EXCLUDED.co_principal_investigator, contract_grants_specialist = EXCLUDED.contract_grants_specialist, branch_chief = EXCLUDED.branch_chief, prime_award_type = EXCLUDED.prime_award_type, pi_notification_date = EXCLUDED.pi_notification_date, personnel = EXCLUDED.personnel, overview_notes = EXCLUDED.overview_notes, schema_version = EXCLUDED.schema_version, updated_at = NOW()
2026-04-16T12:19:15.787-04:00  INFO 5066 --- [rjsf-form-service] [           main] c.e.r.t.service.SubmissionWriteService   : Upserted section 'overview' for award 57875cae-196a-4527-b053-92ad66b3b328 into 'form_pre_award_overview'
]]></system-out>
  </testcase>
  <testcase name="mapperSafetySync" classname="com.egs.rjsf.integration.SyncModeToggleIntegrationTest" time="0.018">
    <system-out><![CDATA[2026-04-16T12:19:15.815-04:00 DEBUG 5066 --- [rjsf-form-service] [           main] c.egs.rjsf.transformer.db.SqlExecutor    : Executing upsert on 'form_pre_award_safety': INSERT INTO form_pre_award_safety (award_id, safety_q1, programmatic_rec, safety_q2, safety_q3, safety_q4, safety_q5, safety_q6, safety_q7, safety_q8, safety_notes, schema_version) VALUES (:award_id, :safety_q1, :programmatic_rec, :safety_q2, :safety_q3, :safety_q4, :safety_q5, :safety_q6, :safety_q7, :safety_q8, :safety_notes, :schema_version) ON CONFLICT (award_id) DO UPDATE SET safety_q1 = EXCLUDED.safety_q1, programmatic_rec = EXCLUDED.programmatic_rec, safety_q2 = EXCLUDED.safety_q2, safety_q3 = EXCLUDED.safety_q3, safety_q4 = EXCLUDED.safety_q4, safety_q5 = EXCLUDED.safety_q5, safety_q6 = EXCLUDED.safety_q6, safety_q7 = EXCLUDED.safety_q7, safety_q8 = EXCLUDED.safety_q8, safety_notes = EXCLUDED.safety_notes, schema_version = EXCLUDED.schema_version, updated_at = NOW()
2026-04-16T12:19:15.817-04:00  INFO 5066 --- [rjsf-form-service] [           main] c.e.r.t.service.SubmissionWriteService   : Upserted section 'safety_review' for award 57875cae-196a-4527-b053-92ad66b3b328 into 'form_pre_award_safety'
]]></system-out>
  </testcase>
  <testcase name="pojoOverviewSync" classname="com.egs.rjsf.integration.SyncModeToggleIntegrationTest" time="0.018">
    <system-out><![CDATA[2026-04-16T12:19:15.824-04:00  INFO 5066 --- [rjsf-form-service] [           main] c.e.r.s.s.RelationalSyncStrategyManager  : Relational sync mode changed: MAPPER → POJO
2026-04-16T12:19:15.834-04:00 DEBUG 5066 --- [rjsf-form-service] [           main] c.e.rjsf.service.sync.PojoSyncStrategy   : POJO upserted overview for award 57875cae-196a-4527-b053-92ad66b3b328
]]></system-out>
  </testcase>
  <testcase name="pojoSafetySync" classname="com.egs.rjsf.integration.SyncModeToggleIntegrationTest" time="0.015">
    <system-out><![CDATA[2026-04-16T12:19:15.851-04:00 DEBUG 5066 --- [rjsf-form-service] [           main] c.e.rjsf.service.sync.PojoSyncStrategy   : POJO upserted safety for award 57875cae-196a-4527-b053-92ad66b3b328
]]></system-out>
  </testcase>
  <testcase name="pojoHumanSectionIsolation" classname="com.egs.rjsf.integration.SyncModeToggleIntegrationTest" time="0.035">
    <system-out><![CDATA[2026-04-16T12:19:15.873-04:00 DEBUG 5066 --- [rjsf-form-service] [           main] c.e.rjsf.service.sync.PojoSyncStrategy   : POJO upserted human/human_no_regulatory for award 57875cae-196a-4527-b053-92ad66b3b328
2026-04-16T12:19:15.887-04:00 DEBUG 5066 --- [rjsf-form-service] [           main] c.e.rjsf.service.sync.PojoSyncStrategy   : POJO upserted human/human_anatomical for award 57875cae-196a-4527-b053-92ad66b3b328
]]></system-out>
  </testcase>
  <testcase name="pojoFinalSync" classname="com.egs.rjsf.integration.SyncModeToggleIntegrationTest" time="0.014">
    <system-out><![CDATA[2026-04-16T12:19:15.904-04:00 DEBUG 5066 --- [rjsf-form-service] [           main] c.e.rjsf.service.sync.PojoSyncStrategy   : POJO upserted final for award 57875cae-196a-4527-b053-92ad66b3b328
]]></system-out>
  </testcase>
  <testcase name="toggleMapperThenPojo" classname="com.egs.rjsf.integration.SyncModeToggleIntegrationTest" time="0.022">
    <system-out><![CDATA[2026-04-16T12:19:15.910-04:00  INFO 5066 --- [rjsf-form-service] [           main] c.e.r.s.s.RelationalSyncStrategyManager  : Relational sync mode changed: POJO → MAPPER
2026-04-16T12:19:15.915-04:00 DEBUG 5066 --- [rjsf-form-service] [           main] c.egs.rjsf.transformer.db.SqlExecutor    : Executing upsert on 'form_pre_award_overview': INSERT INTO form_pre_award_overview (award_id, pi_budget, final_recommended_budget, funding_source, negotiation_status, program_manager, co_principal_investigator, contract_grants_specialist, branch_chief, prime_award_type, pi_notification_date, personnel, overview_notes, schema_version) VALUES (:award_id, :pi_budget, :final_recommended_budget, :funding_source, :negotiation_status, :program_manager, :co_principal_investigator, :contract_grants_specialist, :branch_chief, :prime_award_type, :pi_notification_date, :personnel, :overview_notes, :schema_version) ON CONFLICT (award_id) DO UPDATE SET pi_budget = EXCLUDED.pi_budget, final_recommended_budget = EXCLUDED.final_recommended_budget, funding_source = EXCLUDED.funding_source, negotiation_status = EXCLUDED.negotiation_status, program_manager = EXCLUDED.program_manager, co_principal_investigator = EXCLUDED.co_principal_investigator, contract_grants_specialist = EXCLUDED.contract_grants_specialist, branch_chief = EXCLUDED.branch_chief, prime_award_type = EXCLUDED.prime_award_type, pi_notification_date = EXCLUDED.pi_notification_date, personnel = EXCLUDED.personnel, overview_notes = EXCLUDED.overview_notes, schema_version = EXCLUDED.schema_version, updated_at = NOW()
2026-04-16T12:19:15.916-04:00  INFO 5066 --- [rjsf-form-service] [           main] c.e.r.t.service.SubmissionWriteService   : Upserted section 'overview' for award 57875cae-196a-4527-b053-92ad66b3b328 into 'form_pre_award_overview'
2026-04-16T12:19:15.920-04:00  INFO 5066 --- [rjsf-form-service] [           main] c.e.r.s.s.RelationalSyncStrategyManager  : Relational sync mode changed: MAPPER → POJO
2026-04-16T12:19:15.926-04:00 DEBUG 5066 --- [rjsf-form-service] [           main] c.e.rjsf.service.sync.PojoSyncStrategy   : POJO upserted overview for award 57875cae-196a-4527-b053-92ad66b3b328
]]></system-out>
  </testcase>
  <testcase name="togglePojoThenMapper" classname="com.egs.rjsf.integration.SyncModeToggleIntegrationTest" time="0.023">
    <system-out><![CDATA[2026-04-16T12:19:15.940-04:00 DEBUG 5066 --- [rjsf-form-service] [           main] c.e.rjsf.service.sync.PojoSyncStrategy   : POJO upserted safety for award 57875cae-196a-4527-b053-92ad66b3b328
2026-04-16T12:19:15.945-04:00  INFO 5066 --- [rjsf-form-service] [           main] c.e.r.s.s.RelationalSyncStrategyManager  : Relational sync mode changed: POJO → MAPPER
2026-04-16T12:19:15.949-04:00 DEBUG 5066 --- [rjsf-form-service] [           main] c.egs.rjsf.transformer.db.SqlExecutor    : Executing upsert on 'form_pre_award_safety': INSERT INTO form_pre_award_safety (award_id, safety_q1, programmatic_rec, safety_q2, safety_q3, safety_q4, safety_q5, safety_q6, safety_q7, safety_q8, safety_notes, schema_version) VALUES (:award_id, :safety_q1, :programmatic_rec, :safety_q2, :safety_q3, :safety_q4, :safety_q5, :safety_q6, :safety_q7, :safety_q8, :safety_notes, :schema_version) ON CONFLICT (award_id) DO UPDATE SET safety_q1 = EXCLUDED.safety_q1, programmatic_rec = EXCLUDED.programmatic_rec, safety_q2 = EXCLUDED.safety_q2, safety_q3 = EXCLUDED.safety_q3, safety_q4 = EXCLUDED.safety_q4, safety_q5 = EXCLUDED.safety_q5, safety_q6 = EXCLUDED.safety_q6, safety_q7 = EXCLUDED.safety_q7, safety_q8 = EXCLUDED.safety_q8, safety_notes = EXCLUDED.safety_notes, schema_version = EXCLUDED.schema_version, updated_at = NOW()
2026-04-16T12:19:15.950-04:00  INFO 5066 --- [rjsf-form-service] [           main] c.e.r.t.service.SubmissionWriteService   : Upserted section 'safety_review' for award 57875cae-196a-4527-b053-92ad66b3b328 into 'form_pre_award_safety'
]]></system-out>
  </testcase>
  <testcase name="cleanup" classname="com.egs.rjsf.integration.SyncModeToggleIntegrationTest" time="0.002"/>
</testsuite>